c:\users\mashh\source\repos\project4\debug\vc142.pdb
c:\users\mashh\source\repos\project4\debug\vc142.idb
c:\users\mashh\source\repos\project4\debug\where.obj
c:\users\mashh\source\repos\project4\debug\vvod.obj
c:\users\mashh\source\repos\project4\debug\tolower.obj
c:\users\mashh\source\repos\project4\debug\tohigh.obj
c:\users\mashh\source\repos\project4\debug\source.obj
c:\users\mashh\source\repos\project4\debug\f8.obj
c:\users\mashh\source\repos\project4\debug\f1.obj
c:\users\mashh\source\repos\project4\debug\main.obj
c:\users\mashh\source\repos\project4\debug\sklei.obj
c:\users\mashh\source\repos\project4\debug\map.obj
c:\users\mashh\source\repos\project4\debug\f9.obj
c:\users\mashh\source\repos\project4\debug\f7.obj
c:\users\mashh\source\repos\project4\debug\f6.obj
c:\users\mashh\source\repos\project4\debug\f5.obj
c:\users\mashh\source\repos\project4\debug\f4.obj
c:\users\mashh\source\repos\project4\debug\f3.obj
c:\users\mashh\source\repos\project4\debug\f2.obj
c:\users\mashh\source\repos\project4\debug\project4.ilk
c:\users\mashh\source\repos\project4\debug\project4.exe
c:\users\mashh\source\repos\project4\debug\project4.pdb
c:\users\mashh\source\repos\project4\debug\project4.tlog\cl.command.1.tlog
c:\users\mashh\source\repos\project4\debug\project4.tlog\cl.read.1.tlog
c:\users\mashh\source\repos\project4\debug\project4.tlog\cl.write.1.tlog
c:\users\mashh\source\repos\project4\debug\project4.tlog\link.command.1.tlog
c:\users\mashh\source\repos\project4\debug\project4.tlog\link.read.1.tlog
c:\users\mashh\source\repos\project4\debug\project4.tlog\link.write.1.tlog
